							;
							;	Disassembled by:
							;		DASMx object code disassembler
							;		(c) Copyright 1996-2003   Conquest Consultants
							;		Version 1.40 (Oct 18 2003)
							;
							;	File:		/home/frank/08-10i.bin
							;
							;	Size:		1024 bytes
							;	Checksum:	3E58
							;	CRC-32:		76BD9FE3
							;
							;	Date:		Wed Oct 26 11:51:31 2022
							;
							;	CPU:		Signetics 2650 (2650 family)
							;
							;
							;
								org	H'0000'
							;
0000							X0000:
0000 : 77 10			    "w "	[3]		ppsl	H'10'
0002 : CC 1C 05			    "   "	[4]		stra,r0	X1C05
0005 : 13			    " "		[2]		spsl
0006 : CC 1C 06			    "   "	[4]		stra,r0	X1C06
0009 : 12			    " "		[2]		spsu
000A : CC 1C 07			    "   "	[4]		stra,r0	X1C07
000D : 75 08			    "u "	[3]		cpsl	H'08'
000F : 12			    " "		[2]		spsu
0010 : 9E 20 73			    "  s"	[3]		bcfa,lt	L2073
0013 : 0C 1C 91			    "   "	[4]		loda,r0	X1C91
0016 : E4 55			    " U"	[2]		comi,r0	H'55'
0018 : 9C 20 73			    "  s"	[3]		bcfa,eq	L2073
001B : 04 FF			    "  "	[2]		lodi,r0	H'FF'
001D : CC 1C 04			    "   "	[4]		stra,r0	X1C04
							;
0020							X0020:
0020 : 30 CC			    "0 "			dw	L30CC
0022							X0022:
0022 : 1D 11			    "  "			dw	X1D11
							;
0024 : 70			    "p"		[2]		redd,r0
0025 : 0C 15 CB			    "   "	[4]		loda,r0	X15CB
0028 : CC 1D 12			    "   "	[4]		stra,r0	X1D12
002B : 08 83			    "  "	[3]		lodr,r0	*X0030
002D : 84 01			    "  "	[2]		addi,r0	H'01'
002F : CC 1C 5B			    "  ["	[4]		stra,r0	X1C5B
0032 : 0C 1C 08			    "   "	[4]		loda,r0	X1C08
0035 : 84 01			    "  "	[2]		addi,r0	H'01'
0037 : E4 32			    " 2"	[2]		comi,r0	H'32'
0039 : 18 04			    "  "	[3]		bctr,eq	L003F
003B : C8 F6			    "  "	[3]		strr,r0	*X0033
003D : 1B 0A			    "  "	[3]		bctr,un	L0049
							;
003F							L003F:
003F : 20			    " "		[2]		eorz	r0
0040 : C8 F1			    "  "	[3]		strr,r0	*X0033
0042 : 0C 1D 13			    "   "	[4]		loda,r0	X1D13
0045 : 84 01			    "  "	[2]		addi,r0	H'01'
0047 : C8 FA			    "  "	[3]		strr,r0	*X0043
0049							L0049:
0049 : 0E 1F FF			    "   "	[4]		loda,r2	X1FFF
004C : 2E 7C 47			    ".|G"	[4]		eora,r0	X1C47,r2
004F : C1			    " "		[2]		strz	r1
0050 : 0D 60 00			    " ` "	[4]		loda,r0	X0000,r1
0053 : C8 F5			    "  "	[3]		strr,r0	*X004A
0055 : 3F 02 E1			    "?  "	[3]		bsta,un	L02E1
0058 : 3F 24 E4			    "?$ "	[3]		bsta,un	L24E4
005B : 3F 26 DE			    "?& "	[3]		bsta,un	L26DE
005E : 3F 28 07			    "?( "	[3]		bsta,un	L2807
0061 : 3F 27 77			    "?'w"	[3]		bsta,un	L2777
0064 : 3F 20 D7			    "?  "	[3]		bsta,un	L20D7
0067 : 3F 31 32			    "?12"	[3]		bsta,un	L3132
006A : 3F 07 DD			    "?  "	[3]		bsta,un	L07DD
006D : 3F 0B A8			    "?  "	[3]		bsta,un	L0BA8
0070 : 3F 2E 55			    "?.U"	[3]		bsta,un	L2E55
0073 : 0C 1C 07			    "   "	[4]		loda,r0	X1C07
0076 : 92			    " "		[2]		lpsu
0077 : 0C 1C 06			    "   "	[4]		loda,r0	X1C06
007A : C1			    " "		[2]		strz	r1
007B : 93			    " "		[2]		lpsl
007C : 0C 1C 05			    "   "	[4]		loda,r0	X1C05
007F : 45 C0			    "E "	[2]		andi,r1	H'C0'
0081 : 75 10			    "u "	[3]		cpsl	H'10'
0083 : 37			    "7"		[3]		rete,un
							;
0084 : 0C 1C 03			    "   "	[4]		loda,r0	X1C03
0087 : 18 01			    "  "	[3]		bctr,eq	L008A
0089 : 17			    " "		[3]		retc,un
							;
008A							L008A:
008A : 0C 1C 00			    "   "	[4]		loda,r0	X1C00
008D : 16			    " "		[3]		retc,lt
008E : F4 08			    "  "	[3]		tmi,r0	H'08'
0090 : 14			    " "		[3]		retc,eq
0091 : 0C 1D 08			    "   "	[4]		loda,r0	X1D08
0094 : 14			    " "		[3]		retc,eq
0095 : 05 1F			    "  "	[2]		lodi,r1	H'1F'
0097 : E4 01			    "  "	[2]		comi,r0	H'01'
0099 : 18 0E			    "  "	[3]		bctr,eq	L00A9
009B : 05 0F			    "  "	[2]		lodi,r1	H'0F'
009D : E4 02			    "  "	[2]		comi,r0	H'02'
009F : 18 08			    "  "	[3]		bctr,eq	L00A9
00A1 : 05 07			    "  "	[2]		lodi,r1	H'07'
00A3 : E4 03			    "  "	[2]		comi,r0	H'03'
00A5 : 18 02			    "  "	[3]		bctr,eq	L00A9
00A7 : 05 03			    "  "	[2]		lodi,r1	H'03'
00A9							L00A9:
00A9 : 08 AD			    "  "	[3]		lodr,r0	*X00D8
00AB : 41			    "A"		[2]		andz	r1
00AC : E1			    " "		[2]		comz	r1
00AD : 98 27			    " '"	[3]		bcfr,eq	L00D6
00AF : 0C 1C 9E			    "   "	[4]		loda,r0	X1C9E
00B2 : 18 04			    "  "	[3]		bctr,eq	L00B8
00B4 : 20			    " "		[2]		eorz	r0
00B5 : C2			    " "		[2]		strz	r2
00B6 : 1B 04			    "  "	[3]		bctr,un	L00BC
							;
00B8							L00B8:
00B8 : 04 01			    "  "	[2]		lodi,r0	H'01'
00BA : 06 03			    "  "	[2]		lodi,r2	H'03'
00BC							L00BC:
00BC : C8 F2			    "  "	[3]		strr,r0	*X00B0
00BE : BB A2			    "  "	[3]		zbsr	*X0022						;INFO: indirect jump
00C0 : E4 05			    "  "	[2]		comi,r0	H'05'
00C2 : 19 0A			    "  "	[3]		bctr,gt	L00CE
00C4 : E6 00			    "  "	[2]		comi,r2	H'00'
00C6 : 98 06			    "  "	[3]		bcfr,eq	L00CE
00C8 : 08 C1			    "  "	[3]		lodr,r0	*X008B
00CA : F4 40			    " @"	[3]		tmi,r0	H'40'
00CC : 1A 03			    "  "	[3]		bctr,lt	L00D1
00CE							L00CE:
00CE : CE 16 C7			    "   "	[4]		stra,r2	X16C7
00D1							L00D1:
00D1 : 04 05			    "  "	[2]		lodi,r0	H'05'
00D3 : CC 1C 94			    "   "	[4]		stra,r0	X1C94
00D6							L00D6:
00D6 : 17			    " "		[3]		retc,un
							;
00D7 : 0E 1C 5B			    "  ["	[4]		loda,r2	X1C5B
00DA : F6 0F			    "  "	[3]		tmi,r2	H'0F'
00DC : 16			    " "		[3]		retc,lt
00DD : 76 40			    "v@"	[3]		ppsu	H'40'
00DF : 04 3F			    " ?"	[2]		lodi,r0	H'3F'
00E1 : F6 10			    "  "	[3]		tmi,r2	H'10'
00E3 : 18 29			    " )"	[3]		bctr,eq	L010E
00E5 : 0D 1C 00			    "   "	[4]		loda,r1	X1C00
00E8 : 1A 24			    " $"	[3]		bctr,lt	L010E
00EA : F5 10			    "  "	[3]		tmi,r1	H'10'
00EC : 18 20			    "  "	[3]		bctr,eq	L010E
00EE : F5 01			    "  "	[3]		tmi,r1	H'01'
00F0 : 18 0B			    "  "	[3]		bctr,eq	L00FD
00F2 : 07 03			    "  "	[2]		lodi,r3	H'03'
00F4 : 05 1B			    "  "	[2]		lodi,r1	H'1B'
00F6 : 06 60			    " `"	[2]		lodi,r2	H'60'
00F8 : 3F 02 46			    "? F"	[3]		bsta,un	L0246
00FB : 1B 08			    "  "	[3]		bctr,un	L0105
							;
00FD							L00FD:
00FD : 05 18			    "  "	[2]		lodi,r1	H'18'
00FF : 06 E0			    "  "	[2]		lodi,r2	H'E0'
0101 : 07 03			    "  "	[2]		lodi,r3	H'03'
0103 : 3B F4			    "; "	[3]		bstr,un	*X00F9						;INFO: indirect jump
0105							L0105:
0105 : 05 1B			    "  "	[2]		lodi,r1	H'1B'
0107 : 06 23			    " #"	[2]		lodi,r2	H'23'
0109 : 07 13			    "  "	[2]		lodi,r3	H'13'
010B : 3B EC			    "; "	[3]		bstr,un	*X00F9						;INFO: indirect jump
010D : 17			    " "		[3]		retc,un
							;
010E							L010E:
010E : 05 1B			    "  "	[2]		lodi,r1	H'1B'
0110 : 06 60			    " `"	[2]		lodi,r2	H'60'
0112 : 07 03			    "  "	[2]		lodi,r3	H'03'
0114							L0114:
0114 : 0F 42 A9			    " B "	[4]		loda,r0	X02A9,r3,-
0117 : 3F 01 CE			    "?  "	[3]		bsta,un	L01CE
011A : 5B 78			    "[x"	[3]		brnr,r3	L0114
011C : 05 18			    "  "	[2]		lodi,r1	H'18'
011E : 06 E0			    "  "	[2]		lodi,r2	H'E0'
0120 : 07 03			    "  "	[2]		lodi,r3	H'03'
0122							L0122:
0122 : 0F 42 AC			    " B "	[4]		loda,r0	X02AC,r3,-
0125 : 3B F1			    "; "	[3]		bstr,un	*X0118						;INFO: indirect jump
0127 : 5B 79			    "[y"	[3]		brnr,r3	L0122
0129 : 17			    " "		[3]		retc,un
							;
012A : 0C 1C 00			    "   "	[4]		loda,r0	X1C00
012D : F4 40			    " @"	[3]		tmi,r0	H'40'
012F : 1C 21 93			    " ! "	[3]		bcta,eq	L2193
0132 : 0D 1C 84			    "   "	[4]		loda,r1	X1C84
0135 : A5 01			    "  "	[2]		subi,r1	H'01'
0137 : 1A 16			    "  "	[3]		bctr,lt	L014F
0139 : C9 F8			    "  "	[3]		strr,r1	*X0133
013B : E5 13			    "  "	[2]		comi,r1	H'13'
013D : 9C 21 D9			    " ! "	[3]		bcfa,eq	L21D9
0140 : 20			    " "		[2]		eorz	r0
0141 : CC 1D 88			    "   "	[4]		stra,r0	X1D88
0144 : CC 1D 89			    "   "	[4]		stra,r0	X1D89
0147 : 08 8D			    "  "	[3]		lodr,r0	*X0156
0149 : CC 1C 8C			    "   "	[4]		stra,r0	X1C8C
014C : 1F 21 D9			    " ! "	[3]		bcta,un	L21D9
							;
014F							L014F:
014F : 20			    " "		[2]		eorz	r0
0150 : CC 16 C7			    "   "	[4]		stra,r0	X16C7
0153 : 06 08			    "  "	[2]		lodi,r2	H'08'
0155 : 0C 1C 8B			    "   "	[4]		loda,r0	X1C8B
0158 : 05 00			    "  "	[2]		lodi,r1	H'00'
015A							L015A:
015A : F4 01			    "  "	[3]		tmi,r0	H'01'
015C : 1A 02			    "  "	[3]		bctr,lt	L0160
015E : 85 01			    "  "	[2]		addi,r1	H'01'
0160							L0160:
0160 : 50			    "P"		[2]		rrr,r0
0161 : FA 77			    " w"	[3]		bdrr,r2	L015A
0163 : C9 E0			    "  "	[3]		strr,r1	*X0145
0165 : BB A2			    "  "	[3]		zbsr	*X0022						;INFO: indirect jump
0167 : E4 06			    "  "	[2]		comi,r0	H'06'
0169 : 1A 11			    "  "	[3]		bctr,lt	L017C
016B : 04 06			    "  "	[2]		lodi,r0	H'06'
016D : CC 1D 98			    "   "	[4]		stra,r0	X1D98
0170 : 04 FF			    "  "	[2]		lodi,r0	H'FF'
0172 : CC 1D 99			    "   "	[4]		stra,r0	X1D99
0175 : 04 08			    "  "	[2]		lodi,r0	H'08'
0177 : 6C 1C 92			    "l  "	[4]		iora,r0	X1C92
017A : C8 FC			    "  "	[3]		strr,r0	*X0178
017C							L017C:
017C : 04 18			    "  "	[2]		lodi,r0	H'18'
017E : CC 1C 59			    "  Y"	[4]		stra,r0	X1C59
0181 : 04 CC			    "  "	[2]		lodi,r0	H'CC'
0183 : CC 1C 5A			    "  Z"	[4]		stra,r0	X1C5A
0186 : 04 10			    "  "	[2]		lodi,r0	H'10'
0188 : CC 1C 94			    "   "	[4]		stra,r0	X1C94
018B : 04 F7			    "  "	[2]		lodi,r0	H'F7'
018D : 4C 1C 00			    "L  "	[4]		anda,r0	X1C00
0190 : C8 FC			    "  "	[3]		strr,r0	*X018E
0192 : 17			    " "		[3]		retc,un
							;
0193 : 04 0A			    "  "	[2]		lodi,r0	H'0A'
0195 : 06 02			    "  "	[2]		lodi,r2	H'02'
0197 : 0D 1C C5			    "   "	[4]		loda,r1	X1CC5
019A : E5 80			    "  "	[2]		comi,r1	H'80'
019C : 19 04			    "  "	[3]		bctr,gt	L01A2
019E : 04 DC			    "  "	[2]		lodi,r0	H'DC'
01A0 : 06 FE			    "  "	[2]		lodi,r2	H'FE'
01A2							L01A2:
01A2 : CE 1D 29			    "  )"	[4]		stra,r2	X1D29
01A5 : 06 32			    " 2"	[2]		lodi,r2	H'32'
01A7 : 07 00			    "  "	[2]		lodi,r3	H'00'
01A9 : BF 10 00			    "   "	[3]		bsxa	L1000
01AC : 20			    " "		[2]		eorz	r0
01AD : 05 0F			    "  "	[2]		lodi,r1	H'0F'
01AF							L01AF:
01AF : CD 5D 37			    " ]7"	[4]		stra,r0	X1D37,r1,-
01B2 : 59 7B			    "Y{"	[3]		brnr,r1	L01AF
01B4 : 04 06			    "  "	[2]		lodi,r0	H'06'
01B6 : 05 03			    "  "	[2]		lodi,r1	H'03'
01B8 : BF 10 64			    "  d"	[3]		bsxa	L1064
01BB : 04 05			    "  "	[2]		lodi,r0	H'05'
01BD : CC 15 C0			    "   "	[4]		stra,r0	X15C0
01C0 : 04 22			    " ""	[2]		lodi,r0	H'22'
01C2 : CC 15 C1			    "   "	[4]		stra,r0	X15C1
01C5 : 20			    " "		[2]		eorz	r0
01C6 : CC 1D 2A			    "  *"	[4]		stra,r0	X1D2A
01C9 : 04 10			    "  "	[2]		lodi,r0	H'10'
01CB : CC 1D 38			    "  8"	[4]		stra,r0	X1D38
01CE							L01CE:
01CE : 04 96			    "  "	[2]		lodi,r0	H'96'
01D0 : CC 15 C7			    "   "	[4]		stra,r0	X15C7
01D3 : CC 1D B8			    "   "	[4]		stra,r0	X1DB8
01D6 : 1F 21 86			    " ! "	[3]		bcta,un	L2186
							;
01D9 : 06 00			    "  "	[2]		lodi,r2	H'00'
01DB : 0D 7C 5C			    " |\"	[4]		loda,r0	X1C5C,r1
01DE : C3			    " "		[2]		strz	r3
01DF : CB B2			    "  "	[3]		strr,r3	*X0213
01E1 : F7 01			    "  "	[3]		tmi,r3	H'01'
01E3 : 1A 27			    " '"	[3]		bctr,lt	L020C
01E5 : 0D 62 76			    " bv"	[4]		loda,r0	X0276,r1
01E8 : 6E 62 8A			    "nb "	[4]		iora,r0	X028A,r2
01EB : CA 9D			    "  "	[3]		strr,r2	*X020A
01ED : BB A0			    "  "	[3]		zbsr	*X0020						;INFO: indirect jump
01EF : 3F 24 32			    "?$2"	[3]		bsta,un	L2432
01F2 : 0A B1			    "  "	[3]		lodr,r2	*X0225
01F4 : F6 01			    "  "	[3]		tmi,r2	H'01'
01F6 : 1A 11			    "  "	[3]		bctr,lt	L0209
01F8 : 0A 90			    "  "	[3]		lodr,r2	*X020A
01FA : E6 02			    "  "	[2]		comi,r2	H'02'
01FC : 18 0E			    "  "	[3]		bctr,eq	L020C
01FE : E6 05			    "  "	[2]		comi,r2	H'05'
0200 : 18 0A			    "  "	[3]		bctr,eq	L020C
0202 : 0A 83			    "  "	[3]		lodr,r2	*X0207
0204 : 86 01			    "  "	[2]		addi,r2	H'01'
0206 : CE 1D 88			    "   "	[4]		stra,r2	X1D88
0209							L0209:
0209 : 0E 1C 52			    "  R"	[4]		loda,r2	X1C52
020C							L020C:
020C : E6 06			    "  "	[2]		comi,r2	H'06'
020E : 18 14			    "  "	[3]		bctr,eq	L0224
0210 : 86 01			    "  "	[2]		addi,r2	H'01'
0212 : 0F 1C 53			    "  S"	[4]		loda,r3	X1C53
0215 : 53			    "S"		[2]		rrr,r3
0216 : CB FB			    "  "	[3]		strr,r3	*X0213
0218 : 08 83			    "  "	[3]		lodr,r0	*X021D
021A : A4 01			    "  "	[2]		subi,r0	H'01'
021C : CC 1C 5A			    "  Z"	[4]		stra,r0	X1C5A
021F : 09 84			    "  "	[3]		lodr,r1	*X0225
0221 : 1F 21 DF			    " ! "	[3]		bcta,un	L21DF
							;
0224							L0224:
0224 : 0D 1C 84			    "   "	[4]		loda,r1	X1C84
0227 : E5 0F			    "  "	[2]		comi,r1	H'0F'
0229 : 1D 22 66			    " "f"	[3]		bcta,gt	L2266
022C : E5 04			    "  "	[2]		comi,r1	H'04'
022E : 1E 22 66			    " "f"	[3]		bcta,lt	L2266
0231 : 0C 1C 8C			    "   "	[4]		loda,r0	X1C8C
0234 : F4 01			    "  "	[3]		tmi,r0	H'01'
0236 : 1A 27			    " '"	[3]		bctr,lt	L025F
0238 : F5 01			    "  "	[3]		tmi,r1	H'01'
023A : 18 1F			    "  "	[3]		bctr,eq	L025B
023C : 50			    "P"		[2]		rrr,r0
023D : C8 F3			    "  "	[3]		strr,r0	*X0232
023F : 07 01			    "  "	[2]		lodi,r3	H'01'
0241							L0241:
0241 : CF 1C 54			    "  T"	[4]		stra,r3	X1C54
0244 : 0F 62 91			    " b "	[4]		loda,r0	X0291,r3
0247 : BB A0			    "  "	[3]		zbsr	*X0020						;INFO: indirect jump
0249 : A6 01			    "  "	[2]		subi,r2	H'01'
024B : 3F 24 32			    "?$2"	[3]		bsta,un	L2432
024E : 0B F2			    "  "	[3]		lodr,r3	*X0242
0250 : 0F 62 90			    " b "	[4]		loda,r0	X0290,r3
0253 : BB A0			    "  "	[3]		zbsr	*X0020						;INFO: indirect jump
0255 : A6 02			    "  "	[2]		subi,r2	H'02'
0257 : 3B F3			    "; "	[3]		bstr,un	*X024C						;INFO: indirect jump
0259 : 1B 0B			    "  "	[3]		bctr,un	L0266
							;
025B							L025B:
025B : 07 03			    "  "	[2]		lodi,r3	H'03'
025D : 1B 62			    " b"	[3]		bctr,un	L0241
							;
025F							L025F:
025F : F5 01			    "  "	[3]		tmi,r1	H'01'
0261 : 18 03			    "  "	[3]		bctr,eq	L0266
0263 : 50			    "P"		[2]		rrr,r0
0264 : C8 CC			    "  "	[3]		strr,r0	*X0232
0266							L0266:
0266 : 04 26			    " &"	[2]		lodi,r0	H'26'
0268 : 0D 1C 59			    "  Y"	[4]		loda,r1	X1C59
026B : 0E 1C 5A			    "  Z"	[4]		loda,r2	X1C5A
026E : 3F 09 CD			    "?  "	[3]		bsta,un	L09CD
0271 : C9 F6			    "  "	[3]		strr,r1	*X0269
0273 : CA F7			    "  "	[3]		strr,r2	*X026C
0275 : 17			    " "		[3]		retc,un
							;
0276							X0276:
0276 : 00			    " "				db	H'00'
							;
0277 : 01			    " "		[2]		lodz	r1
0278 : 02			    " "		[2]		lodz	r2
0279 : 03			    " "		[2]		lodz	r3
							;
027A : 00			    " "				db	H'00'
							;
027B : 01			    " "		[2]		lodz	r1
027C : 04 05			    "  "	[2]		lodi,r0	H'05'
							;
027E : 00			    " "				db	H'00'
							;
027F : 01			    " "		[2]		lodz	r1
0280 : 02			    " "		[2]		lodz	r2
0281 : 03			    " "		[2]		lodz	r3
							;
0282 : 00			    " "				db	H'00'
							;
0283 : 01			    " "		[2]		lodz	r1
0284 : 04 05			    "  "	[2]		lodi,r0	H'05'
							;
0286 : 00			    " "				db	H'00'
							;
0287 : 01			    " "		[2]		lodz	r1
0288 : 02			    " "		[2]		lodz	r2
0289 : 03			    " "		[2]		lodz	r3
							;
028A							X028A:
028A : 00 10			    "  "			db	H'00', H'10'
							;
028C : 20			    " "		[2]		eorz	r0
							;
028D : 00 10			    "  "			db	H'00', H'10'
							;
028F : 20			    " "		[2]		eorz	r0
							;
0290							X0290:
0290 : 00			    " "				db	H'00'
							;
0291							X0291:
0291 : 0C 0E 0D			    "   "	[4]		loda,r0	X0E0D
0294 : 0F 0F 0F			    "   "	[4]		loda,r3	X0F0F
0297 : 3F 3F 7F			    "?? "	[3]		bsta,un	L3F7F
029A : 7F 7F 7F			    "   "	[3]		bsna,r3	L7F7F
029D : 7F 7F 7F			    "   "	[3]		bsna,r3	L7F7F
02A0 : 7F 7F 7F			    "   "	[3]		bsna,r3	L7F7F
02A3 : 7F 7F 3F			    "  ?"	[3]		bsna,r3	L7F3F
02A6 : 3F 0F 0F			    "?  "	[3]		bsta,un	L0F0F
02A9							X02A9:
02A9 : 50			    "P"		[2]		rrr,r0
02AA : 55 3C			    "U<"	[3]		rede,r1	H'3C'
02AC							X02AC:
02AC : 50			    "P"		[2]		rrr,r0
02AD : 55 3D			    "U="	[3]		rede,r1	H'3D'
02AF : 04 FF			    "  "	[2]		lodi,r0	H'FF'
02B1 : 07 05			    "  "	[2]		lodi,r3	H'05'
02B3							L02B3:
02B3 : 55 00			    "U "	[3]		rede,r1	H'00'
02B5 : 41			    "A"		[2]		andz	r1
02B6 : FB 7B			    " {"	[3]		bdrr,r3	L02B3
02B8 : 0D 15 5A			    "  Z"	[4]		loda,r1	X155A
02BB : C8 FC			    "  "	[3]		strr,r0	*X02B9
02BD : 24 FF			    "$ "	[2]		eori,r0	H'FF'
02BF : 41			    "A"		[2]		andz	r1
02C0 : F4 04			    "  "	[3]		tmi,r0	H'04'
02C2 : 1C 23 4E			    " #N"	[3]		bcta,eq	L234E
02C5 : F4 08			    "  "	[3]		tmi,r0	H'08'
02C7 : 1C 23 7F			    " # "	[3]		bcta,eq	L237F
02CA : F4 02			    "  "	[3]		tmi,r0	H'02'
02CC : 1C 32 CC			    " 2 "	[3]		bcta,eq	L32CC
02CF : F4 01			    "  "	[3]		tmi,r0	H'01'
02D1 : 1C 32 C8			    " 2 "	[3]		bcta,eq	L32C8
02D4 : 3B 0C			    "; "	[3]		bstr,un	L02E2
02D6 : 98 04			    "  "	[3]		bcfr,eq	L02DC
02D8 : F4 10			    "  "	[3]		tmi,r0	H'10'
02DA : 1B 02			    "  "	[3]		bctr,un	L02DE
							;
02DC							L02DC:
02DC : F4 20			    "  "	[3]		tmi,r0	H'20'
02DE							L02DE:
02DE : 1C 26 5D			    " &]"	[3]		bcta,eq	L265D
02E1							L02E1:
02E1 : 17			    " "		[3]		retc,un
							;
02E2							L02E2:
02E2 : 0D 1C 00			    "   "	[4]		loda,r1	X1C00
02E5 : F5 01			    "  "	[3]		tmi,r1	H'01'
02E7 : 98 09			    "  "	[3]		bcfr,eq	L02F2
02E9 : 55 02			    "U "	[3]		rede,r1	H'02'
02EB : F5 01			    "  "	[3]		tmi,r1	H'01'
02ED : 18 03			    "  "	[3]		bctr,eq	L02F2
02EF : 05 00			    "  "	[2]		lodi,r1	H'00'
02F1 : 17			    " "		[3]		retc,un
							;
02F2							L02F2:
02F2 : 05 FF			    "  "	[2]		lodi,r1	H'FF'
02F4 : 17			    " "		[3]		retc,un
							;
02F5 : 3F 22 AF			    "?" "	[3]		bsta,un	L22AF
02F8 : 08 E9			    "  "	[3]		lodr,r0	*X02E3
02FA : F4 08			    "  "	[3]		tmi,r0	H'08'
02FC : 14			    " "		[3]		retc,eq
02FD : 0C 1C C3			    "   "	[4]		loda,r0	X1CC3
0300 : 15			    " "		[3]		retc,gt
0301 : 0C 1C 03			    "   "	[4]		loda,r0	X1C03
0304 : 98 2A			    " *"	[3]		bcfr,eq	L0330
0306 : 08 DB			    "  "	[3]		lodr,r0	*X02E3
0308 : 1E 26 B0			    " & "	[3]		bcta,lt	L26B0
030B : 54 02			    "T "	[3]		rede,r0	H'02'
030D : 24 FF			    "$ "	[2]		eori,r0	H'FF'
030F : 3B 51			    ";Q"	[3]		bstr,un	L02E2
0311 : 98 02			    "  "	[3]		bcfr,eq	L0315
0313 : D0			    " "		[2]		rrl,r0
0314 : D0			    " "		[2]		rrl,r0
0315							L0315:
0315 : F4 30			    " 0"	[3]		tmi,r0	H'30'
0317 : 14			    " "		[3]		retc,eq
0318 : F4 20			    "  "	[3]		tmi,r0	H'20'
031A : 98 15			    "  "	[3]		bcfr,eq	L0331
031C : 08 98			    "  "	[3]		lodr,r0	*X0336
031E : 98 10			    "  "	[3]		bcfr,eq	L0330
0320 : 08 99			    "  "	[3]		lodr,r0	*X033B
0322 : E4 1B			    "  "	[2]		comi,r0	H'1B'
0324 : 1A 06			    "  "	[3]		bctr,lt	L032C
0326 : 08 9A			    "  "	[3]		lodr,r0	*X0342
0328 : E4 C0			    "  "	[2]		comi,r0	H'C0'
032A : 9A 04			    "  "	[3]		bcfr,lt	L0330
032C							L032C:
032C : 04 01			    "  "	[2]		lodi,r0	H'01'
032E : C8 86			    "  "	[3]		strr,r0	*X0336
0330							L0330:
0330 : 17			    " "		[3]		retc,un
							;
0331							L0331:
0331 : F4 10			    "  "	[3]		tmi,r0	H'10'
0333 : 98 7B			    " {"	[3]		bcfr,eq	L0330
0335 : 0C 1C 94			    "   "	[4]		loda,r0	X1C94
0338 : 98 76			    " v"	[3]		bcfr,eq	L0330
033A : 0C 1C 95			    "   "	[4]		loda,r0	X1C95
033D : E4 18			    "  "	[2]		comi,r0	H'18'
033F : 19 07			    "  "	[3]		bctr,gt	L0348
0341 : 0C 1C 96			    "   "	[4]		loda,r0	X1C96
0344 : E4 80			    "  "	[2]		comi,r0	H'80'
0346 : 1A 68			    " h"	[3]		bctr,lt	L0330
0348							L0348:
0348 : 04 02			    "  "	[2]		lodi,r0	H'02'
034A : C8 EA			    "  "	[3]		strr,r0	*X0336
034C : 17			    " "		[3]		retc,un
034D : 17			    " "		[3]		retc,un
							;
034E : 0C 1C 8F			    "   "	[4]		loda,r0	X1C8F
0351 : 84 01			    "  "	[2]		addi,r0	H'01'
0353 : C8 FA			    "  "	[3]		strr,r0	*X034F
0355 : 55 06			    "U "	[3]		rede,r1	H'06'
0357 : 51			    "Q"		[2]		rrr,r1
0358 : 51			    "Q"		[2]		rrr,r1
0359 : 45 01			    "E "	[2]		andi,r1	H'01'
035B : 0D 63 9F			    " c "	[4]		loda,r0	X039F,r1
035E : 1B 2C			    " ,"	[3]		bctr,un	L038C
							;
0360 : 0C 1D 22			    "  ""	[4]		loda,r0	X1D22
0363 : E4 90			    "  "	[2]		comi,r0	H'90'
0365 : 15			    " "		[3]		retc,gt
0366 : 84 66			    " f"	[2]		addi,r0	H'66'
0368 : 81			    " "		[2]		addz	r1
0369 : 94			    " "		[3]		dar,r0
036A : C8 F5			    "  "	[3]		strr,r0	*X0361
036C : 0C 1C 8E			    "   "	[4]		loda,r0	X1C8E
036F : 81			    " "		[2]		addz	r1
0370 : C8 FB			    "  "	[3]		strr,r0	*X036D
0372 : 0C 1C 00			    "   "	[4]		loda,r0	X1C00
0375 : 9A 07			    "  "	[3]		bcfr,lt	L037E
0377 : 04 65			    " e"	[2]		lodi,r0	H'65'
0379 : 68 81			    "h "	[3]		iorr,r0	*X037C
037B : CC 1C 03			    "   "	[4]		stra,r0	X1C03
037E							L037E:
037E : 17			    " "		[3]		retc,un
							;
037F : 08 CE			    "  "	[3]		lodr,r0	*X034F
0381 : 84 05			    "  "	[2]		addi,r0	H'05'
0383 : C8 CA			    "  "	[3]		strr,r0	*X034F
0385 : 55 06			    "U "	[3]		rede,r1	H'06'
0387 : 45 03			    "E "	[2]		andi,r1	H'03'
0389 : 0D 63 A0			    " c "	[4]		loda,r0	X03A0,r1
038C							L038C:
038C : 8C 1C 90			    "   "	[4]		adda,r0	X1C90
038F : C8 FC			    "  "	[3]		strr,r0	*X038D
0391 : E4 01			    "  "	[2]		comi,r0	H'01'
0393 : 14			    " "		[3]		retc,eq
0394 : C1			    " "		[2]		strz	r1
0395 : 51			    "Q"		[2]		rrr,r1
0396 : 45 07			    "E "	[2]		andi,r1	H'07'
0398 : 44 01			    "D "	[2]		andi,r0	H'01'
039A : C8 F1			    "  "	[3]		strr,r0	*X038D
039C : 1F 23 60			    " #`"	[3]		bcta,un	L2360
							;
039F							X039F:
039F : 01			    " "		[2]		lodz	r1
03A0							X03A0:
03A0 : 02			    " "		[2]		lodz	r2
03A1 : 04 06			    "  "	[2]		lodi,r0	H'06'
03A3 : 0A 08			    "  "	[3]		lodr,r2	X03AD
03A5 : D6 18			    "  "	[3]		wrte,r2	H'18'
03A7 : 01			    " "		[2]		lodz	r1
03A8 : 17			    " "		[3]		retc,un
							;
03A9 : 05 23			    " #"	[2]		lodi,r1	H'23'
03AB : 07 FF			    "  "	[2]		lodi,r3	H'FF'
03AD							X03AD:
03AD : BB A2			    "  "	[3]		zbsr	*X0022						;INFO: indirect jump
03AF							L03AF:
03AF : E1			    " "		[2]		comz	r1
03B0 : 19 09			    "  "	[3]		bctr,gt	L03BB
03B2 : 53			    "S"		[2]		rrr,r3
03B3 : 47 3F			    "G?"	[2]		andi,r3	H'3F'
03B5 : A5 0A			    "  "	[2]		subi,r1	H'0A'
03B7 : 1A 02			    "  "	[3]		bctr,lt	L03BB
03B9 : 1B 74			    " t"	[3]		bctr,un	L03AF
							;
03BB							L03BB:
03BB : 0C 1C 5B			    "  ["	[4]		loda,r0	X1C5B
03BE : 43			    "C"		[2]		andz	r3
03BF : E3			    " "		[2]		comz	r3
03C0 : 98 13			    "  "	[3]		bcfr,eq	L03D5
03C2 : 3F 2D 6A			    "?-j"	[3]		bsta,un	L2D6A
03C5 : C1			    " "		[2]		strz	r1
03C6 : 0C 1F FF			    "   "	[4]		loda,r0	X1FFF
03C9 : E4 08			    "  "	[2]		comi,r0	H'08'
03CB : 9A 09			    "  "	[3]		bcfr,lt	L03D6
03CD : E5 02			    "  "	[2]		comi,r1	H'02'
03CF : 15			    " "		[3]		retc,gt
03D0 : 04 03			    "  "	[2]		lodi,r0	H'03'
03D2							L03D2:
03D2 : CC 1D 8A			    "   "	[4]		stra,r0	X1D8A
03D5							L03D5:
03D5 : 17			    " "		[3]		retc,un
							;
03D6							L03D6:
03D6 : E5 04			    "  "	[2]		comi,r1	H'04'
03D8 : 15			    " "		[3]		retc,gt
03D9 : 04 01			    "  "	[2]		lodi,r0	H'01'
03DB : 1B 75			    " u"	[3]		bctr,un	L03D2
							;
03DD : 08 DD			    "  "	[3]		lodr,r0	*X03BC
03DF : 44 07			    "D "	[2]		andi,r0	H'07'
03E1 : 18 05			    "  "	[3]		bctr,eq	L03E8
03E3 : E4 04			    "  "	[2]		comi,r0	H'04'
03E5 : 18 33			    " 3"	[3]		bctr,eq	L041A
03E7 : 17			    " "		[3]		retc,un
							;
03E8							L03E8:
03E8 : 06 00			    "  "	[2]		lodi,r2	H'00'
03EA : 0C 1C 8E			    "   "	[4]		loda,r0	X1C8E
03ED : 18 06			    "  "	[3]		bctr,eq	L03F5
03EF : A4 01			    "  "	[2]		subi,r0	H'01'
03F1 : C8 F8			    "  "	[3]		strr,r0	*X03EB
03F3 : 66 01			    "f "	[2]		iori,r2	H'01'
03F5							L03F5:
03F5 : 0C 1C 8F			    "   "	[4]		loda,r0	X1C8F
03F8 : C3			    " "		[2]		strz	r3
03F9 : 44 7F			    "D "	[2]		andi,r0	H'7F'
03FB : 18 09			    "  "	[3]		bctr,eq	L0406
03FD : A4 01			    "  "	[2]		subi,r0	H'01'
							;
03FF : 47			    "G"				db	H'47'

;--------------------------------------------------------------
Symbol table
============

Value		Type	Name
-----		----	----
0000		Data	X0000
0020		Data	X0020
0022		Data	X0022
0030		Data	X0030
0033		Data	X0033
003F		Code	L003F
0043		Data	X0043
0049		Code	L0049
004A		Data	X004A
008A		Code	L008A
008B		Data	X008B
00A9		Code	L00A9
00B0		Data	X00B0
00B8		Code	L00B8
00BC		Code	L00BC
00CE		Code	L00CE
00D1		Code	L00D1
00D6		Code	L00D6
00D8		Data	X00D8
00F9		Data	X00F9
00FD		Code	L00FD
0105		Code	L0105
010E		Code	L010E
0114		Code	L0114
0118		Data	X0118
0122		Code	L0122
0133		Data	X0133
0145		Data	X0145
014F		Code	L014F
0156		Data	X0156
015A		Code	L015A
0160		Code	L0160
0178		Data	X0178
017C		Code	L017C
018E		Data	X018E
01A2		Code	L01A2
01AF		Code	L01AF
01CE		Code	L01CE
0207		Data	X0207
0209		Code	L0209
020A		Data	X020A
020C		Code	L020C
0213		Data	X0213
021D		Data	X021D
0224		Code	L0224
0225		Data	X0225
0232		Data	X0232
0241		Code	L0241
0242		Data	X0242
0246		Code	L0246
024C		Data	X024C
025B		Code	L025B
025F		Code	L025F
0266		Code	L0266
0269		Data	X0269
026C		Data	X026C
0276		Data	X0276
028A		Data	X028A
0290		Data	X0290
0291		Data	X0291
02A9		Data	X02A9
02AC		Data	X02AC
02B3		Code	L02B3
02B9		Data	X02B9
02DC		Code	L02DC
02DE		Code	L02DE
02E1		Code	L02E1
02E2		Code	L02E2
02E3		Data	X02E3
02F2		Code	L02F2
0315		Code	L0315
032C		Code	L032C
0330		Code	L0330
0331		Code	L0331
0336		Data	X0336
033B		Data	X033B
0342		Data	X0342
0348		Code	L0348
034F		Data	X034F
0361		Data	X0361
036D		Data	X036D
037C		Data	X037C
037E		Code	L037E
038C		Code	L038C
038D		Data	X038D
039F		Data	X039F
03A0		Data	X03A0
03AD		Data	X03AD
03AF		Code	L03AF
03BB		Code	L03BB
03BC		Data	X03BC
03D2		Code	L03D2
03D5		Code	L03D5
03D6		Code	L03D6
03E8		Code	L03E8
03EB		Data	X03EB
03F5		Code	L03F5
0406		Code	L0406
041A		Code	L041A
07DD		Code	L07DD
09CD		Code	L09CD
0BA8		Code	L0BA8
0E0D		Data	X0E0D
0F0F		Data	X0F0F
0F0F		Code	L0F0F
1000		Code	L1000
1064		Code	L1064
155A		Data	X155A
15C0		Data	X15C0
15C1		Data	X15C1
15C7		Data	X15C7
15CB		Data	X15CB
16C7		Data	X16C7
1C00		Data	X1C00
1C03		Data	X1C03
1C04		Data	X1C04
1C05		Data	X1C05
1C06		Data	X1C06
1C07		Data	X1C07
1C08		Data	X1C08
1C47		Data	X1C47
1C52		Data	X1C52
1C53		Data	X1C53
1C54		Data	X1C54
1C59		Data	X1C59
1C5A		Data	X1C5A
1C5B		Data	X1C5B
1C5C		Data	X1C5C
1C84		Data	X1C84
1C8B		Data	X1C8B
1C8C		Data	X1C8C
1C8E		Data	X1C8E
1C8F		Data	X1C8F
1C90		Data	X1C90
1C91		Data	X1C91
1C92		Data	X1C92
1C94		Data	X1C94
1C95		Data	X1C95
1C96		Data	X1C96
1C9E		Data	X1C9E
1CC3		Data	X1CC3
1CC5		Data	X1CC5
1D08		Data	X1D08
1D11		Data	X1D11
1D11		Code	L1D11
1D12		Data	X1D12
1D13		Data	X1D13
1D22		Data	X1D22
1D29		Data	X1D29
1D2A		Data	X1D2A
1D37		Data	X1D37
1D38		Data	X1D38
1D88		Data	X1D88
1D89		Data	X1D89
1D8A		Data	X1D8A
1D98		Data	X1D98
1D99		Data	X1D99
1DB8		Data	X1DB8
1FFF		Data	X1FFF
2073		Code	L2073
20D7		Code	L20D7
2186		Code	L2186
2193		Code	L2193
21D9		Code	L21D9
21DF		Code	L21DF
2266		Code	L2266
22AF		Code	L22AF
234E		Code	L234E
2360		Code	L2360
237F		Code	L237F
2432		Code	L2432
24E4		Code	L24E4
265D		Code	L265D
26B0		Code	L26B0
26DE		Code	L26DE
2777		Code	L2777
2807		Code	L2807
2D6A		Code	L2D6A
2E55		Code	L2E55
30CC		Code	L30CC
3132		Code	L3132
32C8		Code	L32C8
32CC		Code	L32CC
3F7F		Code	L3F7F
7F3F		Code	L7F3F
7F7F		Code	L7F7F

Number of symbols:			186

;--------------------------------------------------------------
